<?xml version="1.0" encoding="UTF-8"?>
<!-- Generated by org.testng.reporters.JUnitReportReporter -->
<testsuite hostname="DESKTOP-F968BJE" failures="0" tests="3" name="test.Testingbaba_resizable_test" time="7.871" errors="0" timestamp="2022-01-27T08:16:38 IST" skipped="0">
  <testcase classname="test.Testingbaba_resizable_test" name="tillprectice" time="4.015"/>
  <system-out/>
  <testcase classname="test.Testingbaba_resizable_test" name="tillresizableBTN" time="1.041"/>
  <system-out/>
  <testcase classname="test.Testingbaba_resizable_test" name="resizing" time="2.815"/>
  <system-out/>
</testsuite> <!-- test.Testingbaba_resizable_test -->
