<?xml version="1.0" encoding="UTF-8"?>
<!-- Generated by org.testng.reporters.JUnitReportReporter -->
<testsuite hostname="DESKTOP-F968BJE" failures="0" tests="1" name="NewTest" time="0.013" errors="0" timestamp="2022-01-13T09:48:23 IST" skipped="0">
  <testcase classname="NewTest" name="f" time="0.013"/>
  <system-out/>
</testsuite> <!-- NewTest -->
