<?xml version="1.0" encoding="UTF-8"?>
<!-- Generated by org.testng.reporters.JUnitReportReporter -->
<testsuite hostname="DESKTOP-F968BJE" failures="0" tests="2" name="test.Testingbaba_dropdown_test" time="7.883" errors="0" timestamp="2022-01-27T13:24:46 IST" skipped="0">
  <testcase classname="test.Testingbaba_dropdown_test" name="getTitles" time="6.784"/>
  <system-out/>
  <testcase classname="test.Testingbaba_dropdown_test" name="dropanddown" time="1.099"/>
  <system-out/>
</testsuite> <!-- test.Testingbaba_dropdown_test -->
