<?xml version="1.0" encoding="UTF-8"?>
<!-- Generated by org.testng.reporters.JUnitReportReporter -->
<testsuite hostname="DESKTOP-F968BJE" failures="0" tests="3" name="test.demoqa_DragAndDrop_test" time="2.335" errors="0" timestamp="2022-01-28T10:22:30 IST" skipped="0">
  <testcase classname="test.demoqa_DragAndDrop_test" name="Title" time="0.404"/>
  <system-out/>
  <testcase classname="test.demoqa_DragAndDrop_test" name="Tilldragbalbtn" time="1.031"/>
  <system-out/>
  <testcase classname="test.demoqa_DragAndDrop_test" name="dragAndDrop" time="0.900"/>
  <system-out/>
</testsuite> <!-- test.demoqa_DragAndDrop_test -->
