<?xml version="1.0" encoding="UTF-8"?>
<!-- Generated by org.testng.reporters.JUnitReportReporter -->
<testsuite hostname="DESKTOP-F968BJE" failures="0" tests="3" name="test.demoqa_DragAndDrop_test" time="2.212" errors="0" timestamp="2022-02-17T15:30:45 IST" skipped="0">
  <testcase classname="test.demoqa_DragAndDrop_test" name="Title" time="0.482"/>
  <system-out/>
  <testcase classname="test.demoqa_DragAndDrop_test" name="Tilldragbalbtn" time="1.013"/>
  <system-out/>
  <testcase classname="test.demoqa_DragAndDrop_test" name="dragAndDrop" time="0.717"/>
  <system-out/>
</testsuite> <!-- test.demoqa_DragAndDrop_test -->
