<?xml version="1.0" encoding="UTF-8"?>
<!-- Generated by org.testng.reporters.JUnitReportReporter -->
<testsuite hostname="DESKTOP-F968BJE" failures="0" tests="4" name="test.Testingbaba_datepiker_test" time="13.829" errors="0" timestamp="2022-01-25T09:24:37 IST" skipped="0">
  <testcase classname="test.Testingbaba_datepiker_test" name="clicktill_datepiker" time="7.840"/>
  <system-out/>
  <testcase classname="test.Testingbaba_datepiker_test" name="gettitles" time="0.206"/>
  <system-out/>
  <testcase classname="test.Testingbaba_datepiker_test" name="date_select" time="0.662"/>
  <system-out/>
  <testcase classname="test.Testingbaba_datepiker_test" name="dateTimepicking" time="5.121"/>
  <system-out/>
</testsuite> <!-- test.Testingbaba_datepiker_test -->
