<?xml version="1.0" encoding="UTF-8"?>
<!-- Generated by org.testng.reporters.JUnitReportReporter -->
<testsuite hostname="DESKTOP-F968BJE" failures="0" tests="1" name="test.TestingBaba_WebTable_Test" time="0.016" errors="0" timestamp="2021-12-16T16:55:07 IST" skipped="0">
  <testcase classname="test.TestingBaba_WebTable_Test" name="getTitle" time="0.016"/>
  <system-out/>
</testsuite> <!-- test.TestingBaba_WebTable_Test -->
