<?xml version="1.0" encoding="UTF-8"?>
<!-- Generated by org.testng.reporters.JUnitReportReporter -->
<testsuite hostname="DESKTOP-F968BJE" failures="0" tests="6" name="test.Testingbaba_shortable_test" time="5.834" errors="0" timestamp="2022-01-25T09:24:37 IST" skipped="0">
  <testcase classname="test.Testingbaba_shortable_test" name="get_Title" time="0.313"/>
  <system-out/>
  <testcase classname="test.Testingbaba_shortable_test" name="clickOn_till_shortBtn" time="3.819"/>
  <system-out/>
  <testcase classname="test.Testingbaba_shortable_test" name="getData_BeforeShort" time="0.554"/>
  <system-out/>
  <testcase classname="test.Testingbaba_shortable_test" name="clickon_sortBtn" time="0.354"/>
  <system-out/>
  <testcase classname="test.Testingbaba_shortable_test" name="getData_AfterShort" time="0.577"/>
  <system-out/>
  <testcase classname="test.Testingbaba_shortable_test" name="check_veryfy" time="0.217"/>
  <system-out/>
</testsuite> <!-- test.Testingbaba_shortable_test -->
