<?xml version="1.0" encoding="UTF-8"?>
<!-- Generated by org.testng.reporters.JUnitReportReporter -->
<testsuite hostname="DESKTOP-F968BJE" failures="0" tests="3" name="test.demoqa_DragAndDrop_test" time="2.406" errors="0" timestamp="2022-02-17T21:58:05 IST" skipped="0">
  <testcase classname="test.demoqa_DragAndDrop_test" name="Title" time="0.436"/>
  <system-out/>
  <testcase classname="test.demoqa_DragAndDrop_test" name="Tilldragbalbtn" time="1.051"/>
  <system-out/>
  <testcase classname="test.demoqa_DragAndDrop_test" name="dragAndDrop" time="0.919"/>
  <system-out/>
</testsuite> <!-- test.demoqa_DragAndDrop_test -->
